<?xml version="1.0" encoding="UTF-8"?>
<!-- Generated by org.testng.reporters.JUnitXMLReporter -->
<testsuite ignored="0" hostname="Amal94" failures="0" tests="4" name="Default test" time="4.491" errors="0" timestamp="2024-07-22T23:12:54 EET">
  <testcase classname="myTestCases" name="loginTest" time="0.722"/>
  <testcase classname="myTestCases" name="addAllItems" time="0.837"/>
  <testcase classname="myTestCases" name="addOneItemAndSkipTheNextOne" time="0.4"/>
  <testcase classname="myTestCases" name="findAllElementsThatHasTheTextLab" time="0.152"/>
</testsuite> <!-- Default test -->
