<?xml version="1.0" encoding="UTF-8"?>
<testng-results ignored="0" total="4" passed="4" failed="0" skipped="0">
  <reporter-output>
  </reporter-output>
  <suite started-at="2024-07-22T23:12:49 EET" name="Default suite" finished-at="2024-07-22T23:12:54 EET" duration-ms="4491">
    <groups>
    </groups>
    <test started-at="2024-07-22T23:12:49 EET" name="Default test" finished-at="2024-07-22T23:12:54 EET" duration-ms="4491">
      <class name="myTestCases">
        <test-method is-config="true" signature="mySetup()[pri:0, instance:myTestCases@6b3e12b5]" started-at="2024-07-22T23:12:49 EET" name="mySetup" finished-at="2024-07-22T23:12:51 EET" duration-ms="2248" status="PASS">
          <reporter-output>
          </reporter-output>
        </test-method> <!-- mySetup -->
        <test-method signature="loginTest()[pri:1, instance:myTestCases@6b3e12b5]" started-at="2024-07-22T23:12:52 EET" name="loginTest" finished-at="2024-07-22T23:12:52 EET" duration-ms="722" status="PASS">
          <reporter-output>
          </reporter-output>
        </test-method> <!-- loginTest -->
        <test-method signature="addAllItems()[pri:2, instance:myTestCases@6b3e12b5]" started-at="2024-07-22T23:12:52 EET" name="addAllItems" finished-at="2024-07-22T23:12:53 EET" duration-ms="837" status="PASS">
          <reporter-output>
          </reporter-output>
        </test-method> <!-- addAllItems -->
        <test-method signature="addOneItemAndSkipTheNextOne()[pri:3, instance:myTestCases@6b3e12b5]" started-at="2024-07-22T23:12:53 EET" name="addOneItemAndSkipTheNextOne" finished-at="2024-07-22T23:12:54 EET" duration-ms="400" status="PASS">
          <reporter-output>
          </reporter-output>
        </test-method> <!-- addOneItemAndSkipTheNextOne -->
        <test-method signature="findAllElementsThatHasTheTextLab()[pri:4, instance:myTestCases@6b3e12b5]" started-at="2024-07-22T23:12:54 EET" name="findAllElementsThatHasTheTextLab" finished-at="2024-07-22T23:12:54 EET" duration-ms="152" status="PASS">
          <reporter-output>
          </reporter-output>
        </test-method> <!-- findAllElementsThatHasTheTextLab -->
      </class> <!-- myTestCases -->
    </test> <!-- Default test -->
  </suite> <!-- Default suite -->
</testng-results>
